2020-03-26 10:20:19,602 INFO org.springframework.test.context.support.AbstractTestContextBootstrapper [main] Neither @ContextConfiguration nor @ContextHierarchy found for test class [com.skepseis.demo.DemoApplicationTests], using SpringBootContextLoader
2020-03-26 10:20:19,612 INFO org.springframework.test.context.support.AbstractContextLoader [main] Could not detect default resource locations for test class [com.skepseis.demo.DemoApplicationTests]: no resource found for suffixes {-context.xml, Context.groovy}.
2020-03-26 10:20:19,613 INFO org.springframework.test.context.support.AnnotationConfigContextLoaderUtils [main] Could not detect default configuration classes for test class [com.skepseis.demo.DemoApplicationTests]: DemoApplicationTests does not declare any static, non-private, non-final, nested classes annotated with @Configuration.
2020-03-26 10:20:19,793 INFO org.springframework.boot.test.context.SpringBootTestContextBootstrapper [main] Found @SpringBootConfiguration com.skepseis.demo.RestApi for test class com.skepseis.demo.DemoApplicationTests
2020-03-26 10:20:19,939 INFO org.springframework.test.context.support.AbstractTestContextBootstrapper [main] Loaded default TestExecutionListener class names from location [META-INF/spring.factories]: [org.springframework.boot.test.mock.mockito.MockitoTestExecutionListener, org.springframework.boot.test.mock.mockito.ResetMocksTestExecutionListener, org.springframework.boot.test.autoconfigure.restdocs.RestDocsTestExecutionListener, org.springframework.boot.test.autoconfigure.web.client.MockRestServiceServerResetTestExecutionListener, org.springframework.boot.test.autoconfigure.web.servlet.MockMvcPrintOnlyOnFailureTestExecutionListener, org.springframework.boot.test.autoconfigure.web.servlet.WebDriverTestExecutionListener, org.springframework.test.context.web.ServletTestExecutionListener, org.springframework.test.context.support.DirtiesContextBeforeModesTestExecutionListener, org.springframework.test.context.support.DependencyInjectionTestExecutionListener, org.springframework.test.context.support.DirtiesContextTestExecutionListener, org.springframework.test.context.transaction.TransactionalTestExecutionListener, org.springframework.test.context.jdbc.SqlScriptsTestExecutionListener]
2020-03-26 10:20:19,959 INFO org.springframework.test.context.support.AbstractTestContextBootstrapper [main] Using TestExecutionListeners: [org.springframework.test.context.web.ServletTestExecutionListener@37654521, org.springframework.test.context.support.DirtiesContextBeforeModesTestExecutionListener@15aab8c6, org.springframework.boot.test.mock.mockito.MockitoTestExecutionListener@33990a0c, org.springframework.boot.test.autoconfigure.SpringBootDependencyInjectionTestExecutionListener@4de4b452, org.springframework.test.context.support.DirtiesContextTestExecutionListener@50b5ac82, org.springframework.test.context.transaction.TransactionalTestExecutionListener@101952da, org.springframework.test.context.jdbc.SqlScriptsTestExecutionListener@6babf3bf, org.springframework.boot.test.mock.mockito.ResetMocksTestExecutionListener@3059cbc, org.springframework.boot.test.autoconfigure.restdocs.RestDocsTestExecutionListener@7ea9e1e2, org.springframework.boot.test.autoconfigure.web.client.MockRestServiceServerResetTestExecutionListener@24fcf36f, org.springframework.boot.test.autoconfigure.web.servlet.MockMvcPrintOnlyOnFailureTestExecutionListener@10feca44, org.springframework.boot.test.autoconfigure.web.servlet.WebDriverTestExecutionListener@3fb1549b]
2020-03-26 10:20:20,305 INFO org.springframework.boot.StartupInfoLogger [main] Starting DemoApplicationTests on DESKTOP-BK3CC8R with PID 20020 (started by Nandun in C:\Users\Nandun\Documents\skepsies\springboot-restapi\sithivili-controller)
2020-03-26 10:20:20,307 INFO org.springframework.boot.SpringApplication [main] No active profile set, falling back to default profiles: default
2020-03-26 10:20:21,514 INFO org.springframework.data.repository.config.RepositoryConfigurationDelegate [main] Bootstrapping Spring Data repositories in DEFAULT mode.
2020-03-26 10:20:21,649 INFO org.springframework.data.repository.config.RepositoryConfigurationDelegate [main] Finished Spring Data repository scanning in 117ms. Found 2 repository interfaces.
2020-03-26 10:20:22,376 INFO org.springframework.context.support.PostProcessorRegistrationDelegate$BeanPostProcessorChecker [main] Bean 'org.springframework.transaction.annotation.ProxyTransactionManagementConfiguration' of type [org.springframework.transaction.annotation.ProxyTransactionManagementConfiguration$$EnhancerBySpringCGLIB$$cd9fef9a] is not eligible for getting processed by all BeanPostProcessors (for example: not eligible for auto-proxying)
2020-03-26 10:20:22,790 INFO com.zaxxer.hikari.HikariDataSource [main] HikariPool-1 - Starting...
2020-03-26 10:20:22,994 INFO com.zaxxer.hikari.HikariDataSource [main] HikariPool-1 - Start completed.
2020-03-26 10:20:23,080 INFO org.hibernate.jpa.internal.util.LogHelper [main] HHH000204: Processing PersistenceUnitInfo [
	name: default
	...]
2020-03-26 10:20:23,188 INFO org.hibernate.Version [main] HHH000412: Hibernate Core {5.3.10.Final}
2020-03-26 10:20:23,190 INFO org.hibernate.cfg.Environment [main] HHH000206: hibernate.properties not found
2020-03-26 10:20:23,396 INFO org.hibernate.annotations.common.reflection.java.JavaReflectionManager [main] HCANN000001: Hibernate Commons Annotations {5.0.4.Final}
2020-03-26 10:20:24,148 INFO org.hibernate.dialect.Dialect [main] HHH000400: Using dialect: org.hibernate.dialect.MySQL5InnoDBDialect
2020-03-26 10:20:24,341 INFO org.hibernate.id.enhanced.TableGenerator [main] HHH000398: Explicit segment value for id generator [hibernate_sequences.sequence_name] suggested; using default [default]
2020-03-26 10:20:24,988 INFO org.springframework.orm.jpa.AbstractEntityManagerFactoryBean [main] Initialized JPA EntityManagerFactory for persistence unit 'default'
2020-03-26 10:20:24,995 INFO org.springframework.beans.factory.annotation.AutowiredAnnotationBeanPostProcessor [main] Autowired annotation is not supported on static fields: static com.skepseis.rocksdb.repo.impl.RocksDBRepositoryImpl com.skepseis.demo.RestApi.rocksDBRepository
2020-03-26 10:20:25,178 INFO com.skepseis.rocksdb.repo.impl.RocksDBRepositoryImpl [main] RocksDB initialized and ready to use
2020-03-26 10:20:26,672 INFO springfox.documentation.spring.web.PropertySourcedRequestMappingHandlerMapping [main] Mapped URL path [/v2/api-docs] onto method [public org.springframework.http.ResponseEntity<springfox.documentation.spring.web.json.Json> springfox.documentation.swagger2.web.Swagger2Controller.getDocumentation(java.lang.String,javax.servlet.http.HttpServletRequest)]
2020-03-26 10:20:27,549 INFO org.springframework.security.web.DefaultSecurityFilterChain [main] Creating filter chain: any request, [org.springframework.security.web.context.request.async.WebAsyncManagerIntegrationFilter@53432aef, org.springframework.security.web.context.SecurityContextPersistenceFilter@57f725b8, org.springframework.security.web.header.HeaderWriterFilter@77ec9fdb, org.springframework.web.filter.CorsFilter@2a16d393, org.springframework.security.web.authentication.logout.LogoutFilter@7e2a76be, com.skepseis.service.security.JwtAuthenticationFilter@4bdef487, org.springframework.security.web.savedrequest.RequestCacheAwareFilter@28bc9749, org.springframework.security.web.servletapi.SecurityContextHolderAwareRequestFilter@64540344, org.springframework.security.web.authentication.AnonymousAuthenticationFilter@14d1032a, org.springframework.security.web.session.SessionManagementFilter@34652065, org.springframework.security.web.access.ExceptionTranslationFilter@24842b8e, org.springframework.security.web.access.intercept.FilterSecurityInterceptor@7535f28]
2020-03-26 10:20:27,992 WARN org.springframework.boot.autoconfigure.orm.jpa.JpaBaseConfiguration$JpaWebConfiguration$JpaWebMvcConfiguration [main] spring.jpa.open-in-view is enabled by default. Therefore, database queries may be performed during view rendering. Explicitly configure spring.jpa.open-in-view to disable this warning
2020-03-26 10:20:28,426 INFO org.springframework.scheduling.concurrent.ExecutorConfigurationSupport [main] Initializing ExecutorService 'taskScheduler'
2020-03-26 10:20:28,558 INFO springfox.documentation.spring.web.plugins.DocumentationPluginsBootstrapper [main] Context refreshed
2020-03-26 10:20:28,597 INFO springfox.documentation.spring.web.plugins.DocumentationPluginsBootstrapper [main] Found 1 custom documentation plugin(s)
2020-03-26 10:20:28,645 INFO springfox.documentation.spring.web.scanners.ApiListingReferenceScanner [main] Scanning for api listing references
2020-03-26 10:20:29,002 INFO org.springframework.boot.StartupInfoLogger [main] Started DemoApplicationTests in 8.994 seconds (JVM running for 10.401)
2020-03-26 10:20:29,018 INFO com.skepseis.rocksdb.repo.impl.RocksDBRepositoryImpl [main] save
2020-03-26 10:20:29,178 INFO org.springframework.scheduling.concurrent.ExecutorConfigurationSupport [Thread-3] Shutting down ExecutorService 'taskScheduler'
2020-03-26 10:20:29,184 INFO org.springframework.orm.jpa.AbstractEntityManagerFactoryBean [Thread-3] Closing JPA EntityManagerFactory for persistence unit 'default'
2020-03-26 10:20:29,189 INFO com.zaxxer.hikari.HikariDataSource [Thread-3] HikariPool-1 - Shutdown initiated...
2020-03-26 10:20:29,204 INFO com.zaxxer.hikari.HikariDataSource [Thread-3] HikariPool-1 - Shutdown completed.
